<?xml version="1.0" encoding="UTF-8"?>
<!-- Generated by org.testng.reporters.JUnitReportReporter -->
<testsuite hostname="L-000613" name="test.login.TNGAnnotations" tests="1" failures="0" timestamp="10 Aug 2016 10:01:56 GMT" time="3.783" errors="0">
  <testcase name="NeuspesnoLogovanje" time="3.783" classname="test.login.TNGAnnotations"/>
</testsuite> <!-- test.login.TNGAnnotations -->
