<?xml version="1.0" encoding="UTF-8"?>
<!-- Generated by org.testng.reporters.JUnitReportReporter -->
<testsuite skipped="0" hostname="L-000613" name="test.Test1" tests="2" failures="0" timestamp="4 Aug 2016 14:45:10 GMT" time="17.154" errors="0">
  <testcase name="f" time="0.004" classname="test.Test1"/>
  <testcase name="TestGoogle" time="17.150" classname="test.Test1"/>
</testsuite> <!-- test.Test1 -->
