<?xml version="1.0" encoding="UTF-8"?>
<!-- Generated by org.testng.reporters.JUnitReportReporter -->
<testsuite skipped="1" hostname="L-000613" name="test.internalSystem.DescriptionTest" tests="1" failures="0" timestamp="12 Aug 2016 12:44:20 GMT" time="0.004" errors="0">
  <testcase name="descriptionCheck" time="0.004" classname="test.internalSystem.DescriptionTest">
    <skipped/>
  </testcase> <!-- descriptionCheck -->
</testsuite> <!-- test.internalSystem.DescriptionTest -->
