<?xml version="1.0" encoding="UTF-8"?>
<!-- Generated by org.testng.reporters.JUnitReportReporter -->
<testsuite skipped="3" hostname="L-000613" name="test.login.TNGAnnotations" tests="3" failures="0" timestamp="15 Aug 2016 07:37:02 GMT" time="0.002" errors="0">
  <testcase name="NeuspesnoLogovanje1" time="0.000" classname="test.login.TNGAnnotations">
    <skipped/>
  </testcase> <!-- NeuspesnoLogovanje1 -->
  <testcase name="UspesnoLogovanje" time="0.000" classname="test.login.TNGAnnotations">
    <skipped/>
  </testcase> <!-- UspesnoLogovanje -->
  <testcase name="NeuspesnoLogovanje" time="0.002" classname="test.login.TNGAnnotations">
    <skipped/>
  </testcase> <!-- NeuspesnoLogovanje -->
</testsuite> <!-- test.login.TNGAnnotations -->
