<?xml version="1.0" encoding="UTF-8"?>
<!-- Generated by org.testng.reporters.JUnitReportReporter -->
<testsuite skipped="0" hostname="L-000613" name="test.Login" tests="1" failures="0" timestamp="8 Aug 2016 07:25:49 GMT" time="9.562" errors="0">
  <testcase name="f" time="9.562" classname="test.Login"/>
</testsuite> <!-- test.Login -->
