<?xml version="1.0" encoding="UTF-8"?>
<!-- Generated by org.testng.reporters.JUnitReportReporter -->
<testsuite skipped="0" hostname="L-000613" name="test.LoginP" tests="1" failures="0" timestamp="8 Aug 2016 08:37:33 GMT" time="7.851" errors="0">
  <testcase name="f" time="7.851" classname="test.LoginP"/>
</testsuite> <!-- test.LoginP -->
