<?xml version="1.0" encoding="UTF-8"?>
<!-- Generated by org.testng.reporters.JUnitReportReporter -->
<testsuite skipped="1" hostname="L-000613" name="test.cdd.CheckBoxFunctionality" tests="1" failures="0" timestamp="12 Aug 2016 12:20:52 GMT" time="0.003" errors="0">
  <testcase name="login" time="0.003" classname="test.cdd.CheckBoxFunctionality">
    <skipped/>
  </testcase> <!-- login -->
</testsuite> <!-- test.cdd.CheckBoxFunctionality -->
